<?xml version="1.0" encoding="UTF-8"?>
<!-- Generated by org.testng.reporters.JUnitXMLReporter -->
<testsuite ignored="0" hostname="LAPTOP-UA381MM8" failures="2" tests="12" name="Command line test" time="310.728" errors="0" timestamp="04 Aug 2018 09:02:19 GMT">
  <testcase classname="com.waltonbd.CameraHALTest" name="WaltonCameraAutomationTest" time="0.001"/>
  <testcase classname="com.waltonbd.CameraHALTest" name="backCamera13M_16_9_Process" time="25.079"/>
  <testcase classname="com.waltonbd.CameraHALTest" name="backCamera13M_4_3_Process" time="21.208"/>
  <testcase classname="com.waltonbd.CameraHALTest" name="backCamera8M_4_3_Process" time="19.985"/>
  <testcase classname="com.waltonbd.CameraHALTest" name="backCamera6M_16_9_Process" time="19.893"/>
  <testcase classname="com.waltonbd.CameraHALTest" name="backCamera4M_16_9_Process" time="18.826"/>
  <testcase classname="com.waltonbd.CameraHALTest" name="backCamera3M_4_3_Process" time="19.064"/>
  <testcase classname="com.waltonbd.CameraHALTest" name="backCamera_HDR_Process" time="26.969"/>
  <testcase classname="com.waltonbd.CameraHALTest" name="backCameraVideoFineProcess" time="37.04">
    <failure type="org.openqa.selenium.TimeoutException" message="Expected condition failed: waiting for presence of element located by: By.id: com.mediatek.camera:id/century_setting_list_items (tried for 30 second(s) with 500 milliseconds interval)">
      <![CDATA[org.openqa.selenium.TimeoutException: Expected condition failed: waiting for presence of element located by: By.id: com.mediatek.camera:id/century_setting_list_items (tried for 30 second(s) with 500 milliseconds interval)
at org.openqa.selenium.support.ui.WebDriverWait.timeoutException(WebDriverWait.java:81)
at org.openqa.selenium.support.ui.FluentWait.until(FluentWait.java:271)
at com.waltonbd.VideoFunction.changeCameraVideoQuality(VideoFunction.java:129)
at com.waltonbd.VideoFunction.videoAction(VideoFunction.java:171)
at com.waltonbd.CameraHALTest.backCameraVideoFineProcess(CameraHALTest.java:333)
at com.waltonbd.CameraHALTest.main(CameraHALTest.java:100)
Caused by: org.openqa.selenium.NoSuchElementException: Cannot locate an element using By.id: com.mediatek.camera:id/century_setting_list_items
For documentation on this error, please visit: http://seleniumhq.org/exceptions/no_such_element.html
Build info: version: '3.13.0', revision: '2f0d292', time: '2018-06-25T15:32:14.902Z'
System info: host: 'LAPTOP-UA381MM8', ip: '192.168.5.157', os.name: 'Windows 10', os.arch: 'amd64', os.version: '10.0', java.version: '10.0.2'
Driver info: driver.version: unknown
at org.openqa.selenium.support.ui.ExpectedConditions.lambda$findElement$0(ExpectedConditions.java:896)
at java.base/java.util.Optional.orElseThrow(Unknown Source)
at org.openqa.selenium.support.ui.ExpectedConditions.findElement(ExpectedConditions.java:895)
at org.openqa.selenium.support.ui.ExpectedConditions.access$000(ExpectedConditions.java:44)
at org.openqa.selenium.support.ui.ExpectedConditions$6.apply(ExpectedConditions.java:183)
at org.openqa.selenium.support.ui.ExpectedConditions$6.apply(ExpectedConditions.java:180)
at org.openqa.selenium.support.ui.FluentWait.until(FluentWait.java:248)
... 26 more
... Removed 22 stack frames]]>
    </failure>
  </testcase> <!-- backCameraVideoFineProcess -->
  <testcase classname="com.waltonbd.CameraHALTest" name="backCameraVideoHighProcess" time="33.232">
    <failure type="org.openqa.selenium.TimeoutException" message="Expected condition failed: waiting for presence of element located by: By.id: com.mediatek.camera:id/century_setting_list_items (tried for 30 second(s) with 500 milliseconds interval)">
      <![CDATA[org.openqa.selenium.TimeoutException: Expected condition failed: waiting for presence of element located by: By.id: com.mediatek.camera:id/century_setting_list_items (tried for 30 second(s) with 500 milliseconds interval)
at org.openqa.selenium.support.ui.WebDriverWait.timeoutException(WebDriverWait.java:81)
at org.openqa.selenium.support.ui.FluentWait.until(FluentWait.java:271)
at com.waltonbd.VideoFunction.changeCameraVideoQuality(VideoFunction.java:129)
at com.waltonbd.VideoFunction.videoAction(VideoFunction.java:171)
at com.waltonbd.CameraHALTest.backCameraVideoHighProcess(CameraHALTest.java:347)
at com.waltonbd.CameraHALTest.main(CameraHALTest.java:100)
Caused by: org.openqa.selenium.NoSuchElementException: Cannot locate an element using By.id: com.mediatek.camera:id/century_setting_list_items
For documentation on this error, please visit: http://seleniumhq.org/exceptions/no_such_element.html
Build info: version: '3.13.0', revision: '2f0d292', time: '2018-06-25T15:32:14.902Z'
System info: host: 'LAPTOP-UA381MM8', ip: '192.168.5.157', os.name: 'Windows 10', os.arch: 'amd64', os.version: '10.0', java.version: '10.0.2'
Driver info: driver.version: unknown
at org.openqa.selenium.support.ui.ExpectedConditions.lambda$findElement$0(ExpectedConditions.java:896)
at java.base/java.util.Optional.orElseThrow(Unknown Source)
at org.openqa.selenium.support.ui.ExpectedConditions.findElement(ExpectedConditions.java:895)
at org.openqa.selenium.support.ui.ExpectedConditions.access$000(ExpectedConditions.java:44)
at org.openqa.selenium.support.ui.ExpectedConditions$6.apply(ExpectedConditions.java:183)
at org.openqa.selenium.support.ui.ExpectedConditions$6.apply(ExpectedConditions.java:180)
at org.openqa.selenium.support.ui.FluentWait.until(FluentWait.java:248)
... 26 more
... Removed 22 stack frames]]>
    </failure>
  </testcase> <!-- backCameraVideoHighProcess -->
  <testcase classname="com.waltonbd.CameraHALTest" name="backCameraVideoMediumProcess" time="26.457"/>
  <testcase classname="com.waltonbd.CameraHALTest" name="backCameraVideoLowProcess" time="23.839"/>
</testsuite> <!-- Command line test -->
