<html>
<head>
<title>TestNG:  Command line test</title>
<link href="../testng.css" rel="stylesheet" type="text/css" />
<link href="../my-testng.css" rel="stylesheet" type="text/css" />

<style type="text/css">
.log { display: none;} 
.stack-trace { display: none;} 
</style>
<script type="text/javascript">
<!--
function flip(e) {
  current = e.style.display;
  if (current == 'block') {
    e.style.display = 'none';
    return 0;
  }
  else {
    e.style.display = 'block';
    return 1;
  }
}

function toggleBox(szDivId, elem, msg1, msg2)
{
  var res = -1;  if (document.getElementById) {
    res = flip(document.getElementById(szDivId));
  }
  else if (document.all) {
    // this is the way old msie versions work
    res = flip(document.all[szDivId]);
  }
  if(elem) {
    if(res == 0) elem.innerHTML = msg1; else elem.innerHTML = msg2;
  }

}

function toggleAllBoxes() {
  if (document.getElementsByTagName) {
    d = document.getElementsByTagName('div');
    for (i = 0; i < d.length; i++) {
      if (d[i].className == 'log') {
        flip(d[i]);
      }
    }
  }
}

// -->
</script>

</head>
<body>
<h2 align='center'>Command line test</h2><table border='1' align="center">
<tr>
<td>Tests passed/Failed/Skipped:</td><td>10/2/0</td>
</tr><tr>
<td>Started on:</td><td>Sat Aug 04 14:57:08 BDT 2018</td>
</tr>
<tr><td>Total time:</td><td>310 seconds (310728 ms)</td>
</tr><tr>
<td>Included groups:</td><td></td>
</tr><tr>
<td>Excluded groups:</td><td></td>
</tr>
</table><p/>
<small><i>(Hover the method name to see the test class name)</i></small><p/>
<table width='100%' border='1' class='invocation-failed'>
<tr><td colspan='4' align='center'><b>FAILED TESTS</b></td></tr>
<tr><td><b>Test method</b></td>
<td width="30%"><b>Exception</b></td>
<td width="10%"><b>Time (seconds)</b></td>
<td><b>Instance</b></td>
</tr>
<tr>
<td title='com.waltonbd.CameraHALTest.backCameraVideoFineProcess()'><b>backCameraVideoFineProcess</b><br>Test class: com.waltonbd.CameraHALTest</td>
<td><div><pre>org.openqa.selenium.TimeoutException: Expected condition failed: waiting for presence of element located by: By.id: com.mediatek.camera:id/century_setting_list_items (tried for 30 second(s) with 500 milliseconds interval)
	at org.openqa.selenium.support.ui.WebDriverWait.timeoutException(WebDriverWait.java:81)
	at org.openqa.selenium.support.ui.FluentWait.until(FluentWait.java:271)
	at com.waltonbd.VideoFunction.changeCameraVideoQuality(VideoFunction.java:129)
	at com.waltonbd.VideoFunction.videoAction(VideoFunction.java:171)
	at com.waltonbd.CameraHALTest.backCameraVideoFineProcess(CameraHALTest.java:333)
	at com.waltonbd.CameraHALTest.main(CameraHALTest.java:100)
Caused by: org.openqa.selenium.NoSuchElementException: Cannot locate an element using By.id: com.mediatek.camera:id/century_setting_list_items
For documentation on this error, please visit: http://seleniumhq.org/exceptions/no_such_element.html
Build info: version: &apos;3.13.0&apos;, revision: &apos;2f0d292&apos;, time: &apos;2018-06-25T15:32:14.902Z&apos;
System info: host: &apos;LAPTOP-UA381MM8&apos;, ip: &apos;192.168.5.157&apos;, os.name: &apos;Windows 10&apos;, os.arch: &apos;amd64&apos;, os.version: &apos;10.0&apos;, java.version: &apos;10.0.2&apos;
Driver info: driver.version: unknown
	at org.openqa.selenium.support.ui.ExpectedConditions.lambda$findElement$0(ExpectedConditions.java:896)
	at java.base/java.util.Optional.orElseThrow(Unknown Source)
	at org.openqa.selenium.support.ui.ExpectedConditions.findElement(ExpectedConditions.java:895)
	at org.openqa.selenium.support.ui.ExpectedConditions.access$000(ExpectedConditions.java:44)
	at org.openqa.selenium.support.ui.ExpectedConditions$6.apply(ExpectedConditions.java:183)
	at org.openqa.selenium.support.ui.ExpectedConditions$6.apply(ExpectedConditions.java:180)
	at org.openqa.selenium.support.ui.FluentWait.until(FluentWait.java:248)
	... 26 more
... Removed 22 stack frames</pre></div><a href='#' onClick='toggleBox("stack-trace1701223919", this, "Click to show all stack frames", "Click to hide stack frames")'>Click to show all stack frames</a>
<div class='stack-trace' id='stack-trace1701223919'><pre>org.openqa.selenium.TimeoutException: Expected condition failed: waiting for presence of element located by: By.id: com.mediatek.camera:id/century_setting_list_items (tried for 30 second(s) with 500 milliseconds interval)
	at org.openqa.selenium.support.ui.WebDriverWait.timeoutException(WebDriverWait.java:81)
	at org.openqa.selenium.support.ui.FluentWait.until(FluentWait.java:271)
	at com.waltonbd.VideoFunction.changeCameraVideoQuality(VideoFunction.java:129)
	at com.waltonbd.VideoFunction.videoAction(VideoFunction.java:171)
	at com.waltonbd.CameraHALTest.backCameraVideoFineProcess(CameraHALTest.java:333)
	at java.base/jdk.internal.reflect.NativeMethodAccessorImpl.invoke0(Native Method)
	at java.base/jdk.internal.reflect.NativeMethodAccessorImpl.invoke(Unknown Source)
	at java.base/jdk.internal.reflect.DelegatingMethodAccessorImpl.invoke(Unknown Source)
	at java.base/java.lang.reflect.Method.invoke(Unknown Source)
	at org.testng.internal.MethodInvocationHelper.invokeMethod(MethodInvocationHelper.java:124)
	at org.testng.internal.Invoker.invokeMethod(Invoker.java:580)
	at org.testng.internal.Invoker.invokeTestMethod(Invoker.java:716)
	at org.testng.internal.Invoker.invokeTestMethods(Invoker.java:988)
	at org.testng.internal.TestMethodWorker.invokeTestMethods(TestMethodWorker.java:125)
	at org.testng.internal.TestMethodWorker.run(TestMethodWorker.java:109)
	at org.testng.TestRunner.privateRun(TestRunner.java:648)
	at org.testng.TestRunner.run(TestRunner.java:505)
	at org.testng.SuiteRunner.runTest(SuiteRunner.java:455)
	at org.testng.SuiteRunner.runSequentially(SuiteRunner.java:450)
	at org.testng.SuiteRunner.privateRun(SuiteRunner.java:415)
	at org.testng.SuiteRunner.run(SuiteRunner.java:364)
	at org.testng.SuiteRunnerWorker.runSuite(SuiteRunnerWorker.java:52)
	at org.testng.SuiteRunnerWorker.run(SuiteRunnerWorker.java:84)
	at org.testng.TestNG.runSuitesSequentially(TestNG.java:1208)
	at org.testng.TestNG.runSuitesLocally(TestNG.java:1137)
	at org.testng.TestNG.runSuites(TestNG.java:1049)
	at org.testng.TestNG.run(TestNG.java:1017)
	at com.waltonbd.CameraHALTest.main(CameraHALTest.java:100)
Caused by: org.openqa.selenium.NoSuchElementException: Cannot locate an element using By.id: com.mediatek.camera:id/century_setting_list_items
For documentation on this error, please visit: http://seleniumhq.org/exceptions/no_such_element.html
Build info: version: &apos;3.13.0&apos;, revision: &apos;2f0d292&apos;, time: &apos;2018-06-25T15:32:14.902Z&apos;
System info: host: &apos;LAPTOP-UA381MM8&apos;, ip: &apos;192.168.5.157&apos;, os.name: &apos;Windows 10&apos;, os.arch: &apos;amd64&apos;, os.version: &apos;10.0&apos;, java.version: &apos;10.0.2&apos;
Driver info: driver.version: unknown
	at org.openqa.selenium.support.ui.ExpectedConditions.lambda$findElement$0(ExpectedConditions.java:896)
	at java.base/java.util.Optional.orElseThrow(Unknown Source)
	at org.openqa.selenium.support.ui.ExpectedConditions.findElement(ExpectedConditions.java:895)
	at org.openqa.selenium.support.ui.ExpectedConditions.access$000(ExpectedConditions.java:44)
	at org.openqa.selenium.support.ui.ExpectedConditions$6.apply(ExpectedConditions.java:183)
	at org.openqa.selenium.support.ui.ExpectedConditions$6.apply(ExpectedConditions.java:180)
	at org.openqa.selenium.support.ui.FluentWait.until(FluentWait.java:248)
	... 26 more
</pre></div></td>
<td>37</td>
<td>com.waltonbd.CameraHALTest@1b083826</td></tr>
<tr>
<td title='com.waltonbd.CameraHALTest.backCameraVideoHighProcess()'><b>backCameraVideoHighProcess</b><br>Test class: com.waltonbd.CameraHALTest</td>
<td><div><pre>org.openqa.selenium.TimeoutException: Expected condition failed: waiting for presence of element located by: By.id: com.mediatek.camera:id/century_setting_list_items (tried for 30 second(s) with 500 milliseconds interval)
	at org.openqa.selenium.support.ui.WebDriverWait.timeoutException(WebDriverWait.java:81)
	at org.openqa.selenium.support.ui.FluentWait.until(FluentWait.java:271)
	at com.waltonbd.VideoFunction.changeCameraVideoQuality(VideoFunction.java:129)
	at com.waltonbd.VideoFunction.videoAction(VideoFunction.java:171)
	at com.waltonbd.CameraHALTest.backCameraVideoHighProcess(CameraHALTest.java:347)
	at com.waltonbd.CameraHALTest.main(CameraHALTest.java:100)
Caused by: org.openqa.selenium.NoSuchElementException: Cannot locate an element using By.id: com.mediatek.camera:id/century_setting_list_items
For documentation on this error, please visit: http://seleniumhq.org/exceptions/no_such_element.html
Build info: version: &apos;3.13.0&apos;, revision: &apos;2f0d292&apos;, time: &apos;2018-06-25T15:32:14.902Z&apos;
System info: host: &apos;LAPTOP-UA381MM8&apos;, ip: &apos;192.168.5.157&apos;, os.name: &apos;Windows 10&apos;, os.arch: &apos;amd64&apos;, os.version: &apos;10.0&apos;, java.version: &apos;10.0.2&apos;
Driver info: driver.version: unknown
	at org.openqa.selenium.support.ui.ExpectedConditions.lambda$findElement$0(ExpectedConditions.java:896)
	at java.base/java.util.Optional.orElseThrow(Unknown Source)
	at org.openqa.selenium.support.ui.ExpectedConditions.findElement(ExpectedConditions.java:895)
	at org.openqa.selenium.support.ui.ExpectedConditions.access$000(ExpectedConditions.java:44)
	at org.openqa.selenium.support.ui.ExpectedConditions$6.apply(ExpectedConditions.java:183)
	at org.openqa.selenium.support.ui.ExpectedConditions$6.apply(ExpectedConditions.java:180)
	at org.openqa.selenium.support.ui.FluentWait.until(FluentWait.java:248)
	... 26 more
... Removed 22 stack frames</pre></div><a href='#' onClick='toggleBox("stack-trace1545635508", this, "Click to show all stack frames", "Click to hide stack frames")'>Click to show all stack frames</a>
<div class='stack-trace' id='stack-trace1545635508'><pre>org.openqa.selenium.TimeoutException: Expected condition failed: waiting for presence of element located by: By.id: com.mediatek.camera:id/century_setting_list_items (tried for 30 second(s) with 500 milliseconds interval)
	at org.openqa.selenium.support.ui.WebDriverWait.timeoutException(WebDriverWait.java:81)
	at org.openqa.selenium.support.ui.FluentWait.until(FluentWait.java:271)
	at com.waltonbd.VideoFunction.changeCameraVideoQuality(VideoFunction.java:129)
	at com.waltonbd.VideoFunction.videoAction(VideoFunction.java:171)
	at com.waltonbd.CameraHALTest.backCameraVideoHighProcess(CameraHALTest.java:347)
	at java.base/jdk.internal.reflect.NativeMethodAccessorImpl.invoke0(Native Method)
	at java.base/jdk.internal.reflect.NativeMethodAccessorImpl.invoke(Unknown Source)
	at java.base/jdk.internal.reflect.DelegatingMethodAccessorImpl.invoke(Unknown Source)
	at java.base/java.lang.reflect.Method.invoke(Unknown Source)
	at org.testng.internal.MethodInvocationHelper.invokeMethod(MethodInvocationHelper.java:124)
	at org.testng.internal.Invoker.invokeMethod(Invoker.java:580)
	at org.testng.internal.Invoker.invokeTestMethod(Invoker.java:716)
	at org.testng.internal.Invoker.invokeTestMethods(Invoker.java:988)
	at org.testng.internal.TestMethodWorker.invokeTestMethods(TestMethodWorker.java:125)
	at org.testng.internal.TestMethodWorker.run(TestMethodWorker.java:109)
	at org.testng.TestRunner.privateRun(TestRunner.java:648)
	at org.testng.TestRunner.run(TestRunner.java:505)
	at org.testng.SuiteRunner.runTest(SuiteRunner.java:455)
	at org.testng.SuiteRunner.runSequentially(SuiteRunner.java:450)
	at org.testng.SuiteRunner.privateRun(SuiteRunner.java:415)
	at org.testng.SuiteRunner.run(SuiteRunner.java:364)
	at org.testng.SuiteRunnerWorker.runSuite(SuiteRunnerWorker.java:52)
	at org.testng.SuiteRunnerWorker.run(SuiteRunnerWorker.java:84)
	at org.testng.TestNG.runSuitesSequentially(TestNG.java:1208)
	at org.testng.TestNG.runSuitesLocally(TestNG.java:1137)
	at org.testng.TestNG.runSuites(TestNG.java:1049)
	at org.testng.TestNG.run(TestNG.java:1017)
	at com.waltonbd.CameraHALTest.main(CameraHALTest.java:100)
Caused by: org.openqa.selenium.NoSuchElementException: Cannot locate an element using By.id: com.mediatek.camera:id/century_setting_list_items
For documentation on this error, please visit: http://seleniumhq.org/exceptions/no_such_element.html
Build info: version: &apos;3.13.0&apos;, revision: &apos;2f0d292&apos;, time: &apos;2018-06-25T15:32:14.902Z&apos;
System info: host: &apos;LAPTOP-UA381MM8&apos;, ip: &apos;192.168.5.157&apos;, os.name: &apos;Windows 10&apos;, os.arch: &apos;amd64&apos;, os.version: &apos;10.0&apos;, java.version: &apos;10.0.2&apos;
Driver info: driver.version: unknown
	at org.openqa.selenium.support.ui.ExpectedConditions.lambda$findElement$0(ExpectedConditions.java:896)
	at java.base/java.util.Optional.orElseThrow(Unknown Source)
	at org.openqa.selenium.support.ui.ExpectedConditions.findElement(ExpectedConditions.java:895)
	at org.openqa.selenium.support.ui.ExpectedConditions.access$000(ExpectedConditions.java:44)
	at org.openqa.selenium.support.ui.ExpectedConditions$6.apply(ExpectedConditions.java:183)
	at org.openqa.selenium.support.ui.ExpectedConditions$6.apply(ExpectedConditions.java:180)
	at org.openqa.selenium.support.ui.FluentWait.until(FluentWait.java:248)
	... 26 more
</pre></div></td>
<td>33</td>
<td>com.waltonbd.CameraHALTest@1b083826</td></tr>
</table><p>
<table width='100%' border='1' class='invocation-passed'>
<tr><td colspan='4' align='center'><b>PASSED TESTS</b></td></tr>
<tr><td><b>Test method</b></td>
<td width="30%"><b>Exception</b></td>
<td width="10%"><b>Time (seconds)</b></td>
<td><b>Instance</b></td>
</tr>
<tr>
<td title='com.waltonbd.CameraHALTest.WaltonCameraAutomationTest()'><b>WaltonCameraAutomationTest</b><br>Test class: com.waltonbd.CameraHALTest</td>
<td></td>
<td>0</td>
<td>com.waltonbd.CameraHALTest@1b083826</td></tr>
<tr>
<td title='com.waltonbd.CameraHALTest.backCamera13M_16_9_Process()'><b>backCamera13M_16_9_Process</b><br>Test class: com.waltonbd.CameraHALTest</td>
<td></td>
<td>25</td>
<td>com.waltonbd.CameraHALTest@1b083826</td></tr>
<tr>
<td title='com.waltonbd.CameraHALTest.backCamera13M_4_3_Process()'><b>backCamera13M_4_3_Process</b><br>Test class: com.waltonbd.CameraHALTest</td>
<td></td>
<td>21</td>
<td>com.waltonbd.CameraHALTest@1b083826</td></tr>
<tr>
<td title='com.waltonbd.CameraHALTest.backCamera3M_4_3_Process()'><b>backCamera3M_4_3_Process</b><br>Test class: com.waltonbd.CameraHALTest</td>
<td></td>
<td>19</td>
<td>com.waltonbd.CameraHALTest@1b083826</td></tr>
<tr>
<td title='com.waltonbd.CameraHALTest.backCamera4M_16_9_Process()'><b>backCamera4M_16_9_Process</b><br>Test class: com.waltonbd.CameraHALTest</td>
<td></td>
<td>18</td>
<td>com.waltonbd.CameraHALTest@1b083826</td></tr>
<tr>
<td title='com.waltonbd.CameraHALTest.backCamera6M_16_9_Process()'><b>backCamera6M_16_9_Process</b><br>Test class: com.waltonbd.CameraHALTest</td>
<td></td>
<td>19</td>
<td>com.waltonbd.CameraHALTest@1b083826</td></tr>
<tr>
<td title='com.waltonbd.CameraHALTest.backCamera8M_4_3_Process()'><b>backCamera8M_4_3_Process</b><br>Test class: com.waltonbd.CameraHALTest</td>
<td></td>
<td>19</td>
<td>com.waltonbd.CameraHALTest@1b083826</td></tr>
<tr>
<td title='com.waltonbd.CameraHALTest.backCameraVideoLowProcess()'><b>backCameraVideoLowProcess</b><br>Test class: com.waltonbd.CameraHALTest</td>
<td></td>
<td>23</td>
<td>com.waltonbd.CameraHALTest@1b083826</td></tr>
<tr>
<td title='com.waltonbd.CameraHALTest.backCameraVideoMediumProcess()'><b>backCameraVideoMediumProcess</b><br>Test class: com.waltonbd.CameraHALTest</td>
<td></td>
<td>26</td>
<td>com.waltonbd.CameraHALTest@1b083826</td></tr>
<tr>
<td title='com.waltonbd.CameraHALTest.backCamera_HDR_Process()'><b>backCamera_HDR_Process</b><br>Test class: com.waltonbd.CameraHALTest</td>
<td></td>
<td>26</td>
<td>com.waltonbd.CameraHALTest@1b083826</td></tr>
</table><p>
</body>
</html>